[23:26:30] [main/INFO]: Environment: authHost='https://authserver.mojang.com', accountsHost='https://api.mojang.com', sessionHost='https://sessionserver.mojang.com', servicesHost='https://api.minecraftservices.com', name='PROD'
[23:26:31] [main/INFO]: Reloading ResourceManager: Default, bukkit
[23:26:31] [Worker-Main-2/INFO]: Loaded 7 recipes
[23:26:32] [Server thread/INFO]: Starting minecraft server version 1.17.1
[23:26:33] [Server thread/INFO]: Loading properties
[23:26:33] [Server thread/INFO]: This server is running Paper version git-Paper-349 (MC: 1.17.1) (Implementing API version 1.17.1-R0.1-SNAPSHOT) (Git: 9472d38)
[23:26:33] [Server thread/INFO]: Server Ping Player Sample Count: 12
[23:26:33] [Server thread/INFO]: Using 4 threads for Netty based IO
[23:26:33] [Server thread/INFO]: Default game type: SURVIVAL
[23:26:33] [Server thread/INFO]: Generating keypair
[23:26:33] [Server thread/INFO]: Starting Minecraft server on *:25565
[23:26:33] [Server thread/INFO]: Using default channel type
[23:26:33] [Server thread/INFO]: Paper: Using Java 11 compression from Velocity.
[23:26:33] [Server thread/INFO]: Paper: Using Java cipher from Velocity.
[23:26:33] [Server thread/ERROR]: [STDERR] [org.bukkit.craftbukkit.v1_17_R1.legacy.CraftLegacy] Initializing Legacy Material Support. Unless you have legacy plugins and/or data this is a bug!
[23:26:37] [Server thread/WARN]: Legacy plugin MoneyPlugin v1.0 does not specify an api-version.
[23:26:37] [Server thread/INFO]: [Testing] Loading MoneyPlugin v1.0
[23:26:37] [Server thread/INFO]: Server permissions file permissions.yml is empty, ignoring it
[23:26:37] [Server thread/INFO]: Preparing level "world"
[23:26:37] [Server thread/INFO]: Preparing start region for dimension minecraft:overworld
[23:26:37] [Server thread/INFO]: Time elapsed: 192 ms
[23:26:37] [Server thread/INFO]: Preparing start region for dimension minecraft:the_nether
[23:26:37] [Server thread/INFO]: Time elapsed: 67 ms
[23:26:37] [Server thread/INFO]: Preparing start region for dimension minecraft:the_end
[23:26:38] [Server thread/INFO]: Time elapsed: 72 ms
[23:26:38] [Server thread/INFO]: [Testing] Enabling MoneyPlugin v1.0*
[23:26:38] [Server thread/INFO]: [Testing] onEnable is called!
[23:26:38] [Server thread/INFO]: Running delayed init tasks
[23:26:38] [Server thread/INFO]: Done (5.097s)! For help, type "help"
[23:26:38] [Server thread/INFO]: Timings Reset
[23:29:01] [User Authenticator #1/INFO]: UUID of player pittaman2012 is 284edfc6-565d-4146-887f-742cc83118d3
[23:29:01] [Server thread/INFO]: pittaman2012 joined the game
[23:29:01] [Server thread/INFO]: pittaman2012[/127.0.0.1:53067] logged in with entity id 191 at ([world]207.5, 72.0, -8.5)
[23:30:17] [Server thread/INFO]: pittaman2012 lost connection: Disconnected
[23:30:17] [Server thread/INFO]: pittaman2012 left the game
[23:30:25] [Server thread/INFO]: Stopping server
[23:30:25] [Server thread/INFO]: [Testing] Disabling MoneyPlugin v1.0
[23:30:25] [Server thread/INFO]: [Testing] onDisable is called!
[23:30:25] [Server thread/INFO]: Saving players
[23:30:25] [Server thread/INFO]: Saving worlds
[23:30:25] [Server thread/INFO]: Saving chunks for level 'ServerLevel[world]'/minecraft:overworld
[23:30:25] [Server thread/INFO]: Saving chunks for level 'ServerLevel[world_nether]'/minecraft:the_nether
[23:30:26] [Server thread/INFO]: Saving chunks for level 'ServerLevel[world_the_end]'/minecraft:the_end
[23:30:26] [Server thread/INFO]: ThreadedAnvilChunkStorage (world): All chunks are saved
[23:30:26] [Server thread/INFO]: ThreadedAnvilChunkStorage (DIM-1): All chunks are saved
[23:30:26] [Server thread/INFO]: ThreadedAnvilChunkStorage (DIM1): All chunks are saved
[23:30:26] [Server thread/INFO]: ThreadedAnvilChunkStorage: All dimensions are saved
[23:30:26] [Server thread/INFO]: Flushing Chunk IO
[23:30:26] [Server thread/INFO]: Closing Thread Pool
[23:30:26] [Server thread/INFO]: Closing Server
